nohup: ignoring input
[2023-08-10 02:52:50 +0000] [39099] [INFO] Starting gunicorn 21.2.0
[2023-08-10 02:52:50 +0000] [39099] [INFO] Listening at: http://0.0.0.0:8000 (39099)
[2023-08-10 02:52:50 +0000] [39099] [INFO] Using worker: uvicorn.workers.UvicornWorker
[2023-08-10 02:52:50 +0000] [39101] [INFO] Booting worker with pid: 39101
[2023-08-10 02:52:50 +0000] [39103] [INFO] Booting worker with pid: 39103
/home/compu/korcat/backend/.env/lib/python3.8/site-packages/umap/distances.py:1063: NumbaDeprecationWarning: [1mThe 'nopython' keyword argument was not supplied to the 'numba.jit' decorator. The implicit default value for this argument is currently False, but it will be changed to True in Numba 0.59.0. See https://numba.readthedocs.io/en/stable/reference/deprecation.html#deprecation-of-object-mode-fall-back-behaviour-when-using-jit for details.[0m
  @numba.jit()
/home/compu/korcat/backend/.env/lib/python3.8/site-packages/umap/distances.py:1071: NumbaDeprecationWarning: [1mThe 'nopython' keyword argument was not supplied to the 'numba.jit' decorator. The implicit default value for this argument is currently False, but it will be changed to True in Numba 0.59.0. See https://numba.readthedocs.io/en/stable/reference/deprecation.html#deprecation-of-object-mode-fall-back-behaviour-when-using-jit for details.[0m
  @numba.jit()
/home/compu/korcat/backend/.env/lib/python3.8/site-packages/umap/distances.py:1086: NumbaDeprecationWarning: [1mThe 'nopython' keyword argument was not supplied to the 'numba.jit' decorator. The implicit default value for this argument is currently False, but it will be changed to True in Numba 0.59.0. See https://numba.readthedocs.io/en/stable/reference/deprecation.html#deprecation-of-object-mode-fall-back-behaviour-when-using-jit for details.[0m
  @numba.jit()
/home/compu/korcat/backend/.env/lib/python3.8/site-packages/umap/umap_.py:660: NumbaDeprecationWarning: [1mThe 'nopython' keyword argument was not supplied to the 'numba.jit' decorator. The implicit default value for this argument is currently False, but it will be changed to True in Numba 0.59.0. See https://numba.readthedocs.io/en/stable/reference/deprecation.html#deprecation-of-object-mode-fall-back-behaviour-when-using-jit for details.[0m
  @numba.jit()
[2023-08-10 02:53:19 +0000] [39101] [INFO] Started server process [39101]
[2023-08-10 02:53:19 +0000] [39101] [INFO] Waiting for application startup.
[2023-08-10 02:53:19 +0000] [39101] [INFO] Application startup complete.
/home/compu/korcat/backend/.env/lib/python3.8/site-packages/umap/distances.py:1063: NumbaDeprecationWarning: [1mThe 'nopython' keyword argument was not supplied to the 'numba.jit' decorator. The implicit default value for this argument is currently False, but it will be changed to True in Numba 0.59.0. See https://numba.readthedocs.io/en/stable/reference/deprecation.html#deprecation-of-object-mode-fall-back-behaviour-when-using-jit for details.[0m
  @numba.jit()
/home/compu/korcat/backend/.env/lib/python3.8/site-packages/umap/distances.py:1071: NumbaDeprecationWarning: [1mThe 'nopython' keyword argument was not supplied to the 'numba.jit' decorator. The implicit default value for this argument is currently False, but it will be changed to True in Numba 0.59.0. See https://numba.readthedocs.io/en/stable/reference/deprecation.html#deprecation-of-object-mode-fall-back-behaviour-when-using-jit for details.[0m
  @numba.jit()
/home/compu/korcat/backend/.env/lib/python3.8/site-packages/umap/distances.py:1086: NumbaDeprecationWarning: [1mThe 'nopython' keyword argument was not supplied to the 'numba.jit' decorator. The implicit default value for this argument is currently False, but it will be changed to True in Numba 0.59.0. See https://numba.readthedocs.io/en/stable/reference/deprecation.html#deprecation-of-object-mode-fall-back-behaviour-when-using-jit for details.[0m
  @numba.jit()
/home/compu/korcat/backend/.env/lib/python3.8/site-packages/umap/umap_.py:660: NumbaDeprecationWarning: [1mThe 'nopython' keyword argument was not supplied to the 'numba.jit' decorator. The implicit default value for this argument is currently False, but it will be changed to True in Numba 0.59.0. See https://numba.readthedocs.io/en/stable/reference/deprecation.html#deprecation-of-object-mode-fall-back-behaviour-when-using-jit for details.[0m
  @numba.jit()
[2023-08-10 02:53:19 +0000] [39103] [INFO] Started server process [39103]
[2023-08-10 02:53:19 +0000] [39103] [INFO] Waiting for application startup.
[2023-08-10 02:53:19 +0000] [39103] [INFO] Application startup complete.
[2023-08-10 02:53:38 +0000] [39099] [INFO] Handling signal: hup
[2023-08-10 02:53:38 +0000] [39099] [INFO] Hang up: Master
[2023-08-10 02:53:38 +0000] [39179] [INFO] Booting worker with pid: 39179
[2023-08-10 02:53:38 +0000] [39180] [INFO] Booting worker with pid: 39180
[2023-08-10 02:53:38 +0000] [39101] [INFO] Shutting down
[2023-08-10 02:53:38 +0000] [39101] [INFO] Error while closing socket [Errno 9] Bad file descriptor
[2023-08-10 02:53:38 +0000] [39101] [INFO] Finished server process [39101]
[2023-08-10 02:53:38 +0000] [39101] [INFO] Worker exiting (pid: 39101)
[2023-08-10 02:53:38 +0000] [39099] [ERROR] Worker (pid:39103) exited with code 129
[2023-08-10 02:53:38 +0000] [39099] [ERROR] Worker (pid:39103) exited with code 129.
/home/compu/korcat/backend/.env/lib/python3.8/site-packages/umap/distances.py:1063: NumbaDeprecationWarning: [1mThe 'nopython' keyword argument was not supplied to the 'numba.jit' decorator. The implicit default value for this argument is currently False, but it will be changed to True in Numba 0.59.0. See https://numba.readthedocs.io/en/stable/reference/deprecation.html#deprecation-of-object-mode-fall-back-behaviour-when-using-jit for details.[0m
  @numba.jit()
/home/compu/korcat/backend/.env/lib/python3.8/site-packages/umap/distances.py:1071: NumbaDeprecationWarning: [1mThe 'nopython' keyword argument was not supplied to the 'numba.jit' decorator. The implicit default value for this argument is currently False, but it will be changed to True in Numba 0.59.0. See https://numba.readthedocs.io/en/stable/reference/deprecation.html#deprecation-of-object-mode-fall-back-behaviour-when-using-jit for details.[0m
  @numba.jit()
/home/compu/korcat/backend/.env/lib/python3.8/site-packages/umap/distances.py:1086: NumbaDeprecationWarning: [1mThe 'nopython' keyword argument was not supplied to the 'numba.jit' decorator. The implicit default value for this argument is currently False, but it will be changed to True in Numba 0.59.0. See https://numba.readthedocs.io/en/stable/reference/deprecation.html#deprecation-of-object-mode-fall-back-behaviour-when-using-jit for details.[0m
  @numba.jit()
/home/compu/korcat/backend/.env/lib/python3.8/site-packages/umap/umap_.py:660: NumbaDeprecationWarning: [1mThe 'nopython' keyword argument was not supplied to the 'numba.jit' decorator. The implicit default value for this argument is currently False, but it will be changed to True in Numba 0.59.0. See https://numba.readthedocs.io/en/stable/reference/deprecation.html#deprecation-of-object-mode-fall-back-behaviour-when-using-jit for details.[0m
  @numba.jit()
[2023-08-10 02:54:07 +0000] [39180] [INFO] Started server process [39180]
[2023-08-10 02:54:07 +0000] [39180] [INFO] Waiting for application startup.
/home/compu/korcat/backend/.env/lib/python3.8/site-packages/umap/distances.py:1063: NumbaDeprecationWarning: [1mThe 'nopython' keyword argument was not supplied to the 'numba.jit' decorator. The implicit default value for this argument is currently False, but it will be changed to True in Numba 0.59.0. See https://numba.readthedocs.io/en/stable/reference/deprecation.html#deprecation-of-object-mode-fall-back-behaviour-when-using-jit for details.[0m
  @numba.jit()
/home/compu/korcat/backend/.env/lib/python3.8/site-packages/umap/distances.py:1071: NumbaDeprecationWarning: [1mThe 'nopython' keyword argument was not supplied to the 'numba.jit' decorator. The implicit default value for this argument is currently False, but it will be changed to True in Numba 0.59.0. See https://numba.readthedocs.io/en/stable/reference/deprecation.html#deprecation-of-object-mode-fall-back-behaviour-when-using-jit for details.[0m
  @numba.jit()
/home/compu/korcat/backend/.env/lib/python3.8/site-packages/umap/distances.py:1086: NumbaDeprecationWarning: [1mThe 'nopython' keyword argument was not supplied to the 'numba.jit' decorator. The implicit default value for this argument is currently False, but it will be changed to True in Numba 0.59.0. See https://numba.readthedocs.io/en/stable/reference/deprecation.html#deprecation-of-object-mode-fall-back-behaviour-when-using-jit for details.[0m
  @numba.jit()
/home/compu/korcat/backend/.env/lib/python3.8/site-packages/umap/umap_.py:660: NumbaDeprecationWarning: [1mThe 'nopython' keyword argument was not supplied to the 'numba.jit' decorator. The implicit default value for this argument is currently False, but it will be changed to True in Numba 0.59.0. See https://numba.readthedocs.io/en/stable/reference/deprecation.html#deprecation-of-object-mode-fall-back-behaviour-when-using-jit for details.[0m
  @numba.jit()
[2023-08-10 02:54:07 +0000] [39179] [INFO] Started server process [39179]
[2023-08-10 02:54:07 +0000] [39179] [INFO] Waiting for application startup.
[2023-08-10 02:54:07 +0000] [39180] [INFO] Application startup complete.
[2023-08-10 02:54:07 +0000] [39179] [INFO] Application startup complete.
test.txt
ìš”ì…‰ì€ íƒœì•ˆê±´ì„¤ì—…ì²´ì˜ í›„ì›ìì´ë‹¤.

result:
defaultdict(None, {'lemmaCnt': 3, 'average_similarity': 0.9999999403953552, 'conjuctions': 0, 'lemmattr': 1.0, 'lemmaMattr': -1, 'lexicalDensityTokens': 0.1388888888888889, 'lexicalDensityTypes': 0.1388888888888889, 'contentTtr': 1.0, 'functionTtr': 1.0, 'nounTtr': 1.0, 'verbTtr': 1.0, 'adjTtr': 0, 'advTtr': 0, 'bigramLemmaTtr': 1.0, 'trigramLemmaTtr': 1.0, 'adjacent_sentence_overlap_all_lemmas': 0, 'adjacent_sentence_overlap_all_lemmas_normed': 0, 'binary_adjacent_sentence_overlap_all_lemmas': 0, 'adjacent_two_sentence_overlap_all_lemmas': 0, 'adjacent_two_sentence_overlap_all_lemmas_normed': 0, 'binary_adjacent_two_sentence_overlap_all_lemmas': 0, 'adjacent_sentence_overlap_content_lemmas': 0, 'adjacent_sentence_overlap_content_lemmas_normed': 0, 'binary_adjacent_sentence_overlap_content_lemmas': 0, 'adjacent_two_sentence_overlap_content_lemmas': 0, 'adjacent_two_sentence_overlap_content_lemmas_normed': 0, 'binary_adjacent_two_sentence_overlap_content_lemmas': 0, 'adjacent_sentence_overlap_function_lemmas': 0, 'adjacent_sentence_overlap_function_lemmas_normed': 0, 'binary_adjacent_sentence_overlap_function_lemmas': 0, 'adjacent_two_sentence_overlap_function_lemmas': 0, 'adjacent_two_sentence_overlap_function_lemmas_normed': 0, 'binary_adjacent_two_sentence_overlap_function_lemmas': 0, 'adjacent_sentence_overlap_noun_lemmas': 0, 'adjacent_sentence_overlap_noun_lemmas_normed': 0, 'binary_adjacent_sentence_overlap_noun_lemmas': 0, 'adjacent_two_sentence_overlap_noun_lemmas': 0, 'adjacent_two_sentence_overlap_noun_lemmas_normed': 0, 'binary_adjacent_two_sentence_overlap_noun_lemmas': 0, 'adjacent_sentence_overlap_verb_lemmas': 0, 'adjacent_sentence_overlap_verb_lemmas_normed': 0, 'binary_adjacent_sentence_overlap_verb_lemmas': 0, 'adjacent_two_sentence_overlap_verb_lemmas': 0, 'adjacent_two_sentence_overlap_verb_lemmas_normed': 0, 'binary_adjacent_two_sentence_overlap_verb_lemmas': 0, 'adjacent_sentence_overlap_adjective_lemmas': 0, 'adjacent_sentence_overlap_adjective_lemmas_normed': 0, 'binary_adjacent_sentence_overlap_adjective_lemmas': 0, 'adjacent_two_sentence_overlap_adjective_lemmas': 0, 'adjacent_two_sentence_overlap_adjective_lemmas_normed': 0, 'binary_adjacent_two_sentence_overlap_adjective_lemmas': 0, 'adjacent_sentence_overlap_adverb_lemmas': 0, 'adjacent_sentence_overlap_adverb_lemmas_normed': 0, 'binary_adjacent_sentence_overlap_adverb_lemmas': 0, 'adjacent_two_sentence_overlap_adverb_lemmas': 0, 'adjacent_two_sentence_overlap_adverb_lemmas_normed': 0, 'binary_adjacent_two_sentence_overlap_adverb_lemmas': 0})
test.txt
ìš”ì…‰ì€ íƒœì•ˆê±´ì„¤ì—…ì²´ì˜ í›„ì›ìì´ë‹¤.
  / NNP ì€ / JX  / NNP ì˜ / JKG 200 / SN ì´ / VCP ë‹¤ / EF ./SF 
test.txt
ìš”ì…‰ì€ íƒœì•ˆê±´ì„¤ì—…ì²´ì˜ í›„ì›ìì´ë‹¤.

result:
defaultdict(None, {'lemmaCnt': 3, 'average_similarity': 0.9999999403953552, 'conjuctions': 0, 'lemmattr': 1.0, 'lemmaMattr': -1, 'lexicalDensityTokens': 0.1388888888888889, 'lexicalDensityTypes': 0.1388888888888889, 'contentTtr': 1.0, 'functionTtr': 1.0, 'nounTtr': 1.0, 'verbTtr': 1.0, 'adjTtr': 0, 'advTtr': 0, 'bigramLemmaTtr': 1.0, 'trigramLemmaTtr': 1.0, 'adjacent_sentence_overlap_all_lemmas': 0, 'adjacent_sentence_overlap_all_lemmas_normed': 0, 'binary_adjacent_sentence_overlap_all_lemmas': 0, 'adjacent_two_sentence_overlap_all_lemmas': 0, 'adjacent_two_sentence_overlap_all_lemmas_normed': 0, 'binary_adjacent_two_sentence_overlap_all_lemmas': 0, 'adjacent_sentence_overlap_content_lemmas': 0, 'adjacent_sentence_overlap_content_lemmas_normed': 0, 'binary_adjacent_sentence_overlap_content_lemmas': 0, 'adjacent_two_sentence_overlap_content_lemmas': 0, 'adjacent_two_sentence_overlap_content_lemmas_normed': 0, 'binary_adjacent_two_sentence_overlap_content_lemmas': 0, 'adjacent_sentence_overlap_function_lemmas': 0, 'adjacent_sentence_overlap_function_lemmas_normed': 0, 'binary_adjacent_sentence_overlap_function_lemmas': 0, 'adjacent_two_sentence_overlap_function_lemmas': 0, 'adjacent_two_sentence_overlap_function_lemmas_normed': 0, 'binary_adjacent_two_sentence_overlap_function_lemmas': 0, 'adjacent_sentence_overlap_noun_lemmas': 0, 'adjacent_sentence_overlap_noun_lemmas_normed': 0, 'binary_adjacent_sentence_overlap_noun_lemmas': 0, 'adjacent_two_sentence_overlap_noun_lemmas': 0, 'adjacent_two_sentence_overlap_noun_lemmas_normed': 0, 'binary_adjacent_two_sentence_overlap_noun_lemmas': 0, 'adjacent_sentence_overlap_verb_lemmas': 0, 'adjacent_sentence_overlap_verb_lemmas_normed': 0, 'binary_adjacent_sentence_overlap_verb_lemmas': 0, 'adjacent_two_sentence_overlap_verb_lemmas': 0, 'adjacent_two_sentence_overlap_verb_lemmas_normed': 0, 'binary_adjacent_two_sentence_overlap_verb_lemmas': 0, 'adjacent_sentence_overlap_adjective_lemmas': 0, 'adjacent_sentence_overlap_adjective_lemmas_normed': 0, 'binary_adjacent_sentence_overlap_adjective_lemmas': 0, 'adjacent_two_sentence_overlap_adjective_lemmas': 0, 'adjacent_two_sentence_overlap_adjective_lemmas_normed': 0, 'binary_adjacent_two_sentence_overlap_adjective_lemmas': 0, 'adjacent_sentence_overlap_adverb_lemmas': 0, 'adjacent_sentence_overlap_adverb_lemmas_normed': 0, 'binary_adjacent_sentence_overlap_adverb_lemmas': 0, 'adjacent_two_sentence_overlap_adverb_lemmas': 0, 'adjacent_two_sentence_overlap_adverb_lemmas_normed': 0, 'binary_adjacent_two_sentence_overlap_adverb_lemmas': 0})
t.txt
íƒ€ìŠ¤íŠ¸ë¦¬ë¨¸ ë°©ì†¡ì—ì„œëŠ” ì˜ˆì˜ë¥¼ ì§€ì¼œì£¼ì‹œê¸° ë°”ëë‹ˆë‹¤!
  / NNP  / NNP ì—ì„œ / JKB ëŠ” / JX ì˜¤ë«ë™ì•ˆ / NNG ë¥¼ / JKO ì§€í‚¤ / VV ì–´ / EC ì£¼ / VX ì‹œ / EP ê¸° / ETN ë°”ë¼ / VV ã…‚ë‹ˆë‹¤ / EF ! /SF 
Text1.txt
ì»¤í”¼ ì›ë‘ëŠ” ë¡œìŠ¤íŒ…ì˜ ê°•ë„ì— ë”°ë¼ ë‹¤ì–‘í•œ ë§›ê³¼ í–¥ì„ ì–»ëŠ”ë‹¤. ë¡œìŠ¤íŒ…ì€ ëŒ€ëµ ì•„í™‰ ê°€ì§€ ê°•ë„ë¡œ ë‚˜ë‰˜ëŠ”ë°, ì´ì— ë”°ë¼ ì›ë‘ì˜ ìƒ‰ì€ í™©í† ìƒ‰ì—ì„œë¶€í„° ê²€ì€ ê°ˆìƒ‰ì— ì´ë¥´ê¸°ê¹Œì§€ ë‹¤ì–‘í•˜ê²Œ ë°”ë€ë‹¤. ë˜ ì»¤í”¼ë¥¼ ë“ì˜€ì„ ë•Œ ì“´ë§›, ë‹¨ë§›, ì‹ ë§› ë“± ì¡°ê¸ˆì”© ë‹¤ë¥¸ ë§›ì„ ëŠë‚„ ìˆ˜ ìˆê²Œ ëœë‹¤. ë¡œìŠ¤íŒ…ì€ ìˆ˜ì¶œêµ­ë³´ë‹¤ëŠ” ì†Œë¹„êµ­ì—ì„œ ì£¼ë¡œ ì´ë£¨ì–´ì§„ë‹¤.

result:
